ERROR - 2023-07-06 01:30:12 --> Error connecting to the database: mysqli_sql_exception: Unknown database 'siswa' in C:\Users\Ganz\Desktop\CodeIgniter\Regist2023\siswa\vendor\codeigniter4\framework\system\Database\MySQLi\Connection.php:173
Stack trace:
#0 C:\Users\Ganz\Desktop\CodeIgniter\Regist2023\siswa\vendor\codeigniter4\framework\system\Database\MySQLi\Connection.php(173): mysqli->real_connect('localhost', 'root', Object(SensitiveParameterValue), 'siswa', 3306, '', 0)
#1 C:\Users\Ganz\Desktop\CodeIgniter\Regist2023\siswa\vendor\codeigniter4\framework\system\Database\BaseConnection.php(391): CodeIgniter\Database\MySQLi\Connection->connect(false)
#2 C:\Users\Ganz\Desktop\CodeIgniter\Regist2023\siswa\vendor\codeigniter4\framework\system\Database\BaseConnection.php(574): CodeIgniter\Database\BaseConnection->initialize()
#3 C:\Users\Ganz\Desktop\CodeIgniter\Regist2023\siswa\vendor\codeigniter4\framework\system\Database\BaseConnection.php(1409): CodeIgniter\Database\BaseConnection->query('SHOW TABLES FRO...')
#4 C:\Users\Ganz\Desktop\CodeIgniter\Regist2023\siswa\vendor\codeigniter4\framework\system\Database\BaseConnection.php(1428): CodeIgniter\Database\BaseConnection->listTables()
#5 C:\Users\Ganz\Desktop\CodeIgniter\Regist2023\siswa\vendor\codeigniter4\framework\system\Database\MigrationRunner.php(768): CodeIgniter\Database\BaseConnection->tableExists('migrations')
#6 C:\Users\Ganz\Desktop\CodeIgniter\Regist2023\siswa\vendor\codeigniter4\framework\system\Database\MigrationRunner.php(168): CodeIgniter\Database\MigrationRunner->ensureTable()
#7 C:\Users\Ganz\Desktop\CodeIgniter\Regist2023\siswa\vendor\codeigniter4\framework\system\Commands\Database\Migrate.php(84): CodeIgniter\Database\MigrationRunner->latest(NULL)
#8 C:\Users\Ganz\Desktop\CodeIgniter\Regist2023\siswa\vendor\codeigniter4\framework\system\CLI\Commands.php(65): CodeIgniter\Commands\Database\Migrate->run(Array)
#9 C:\Users\Ganz\Desktop\CodeIgniter\Regist2023\siswa\vendor\codeigniter4\framework\system\CLI\Console.php(37): CodeIgniter\CLI\Commands->run('migrate', Array)
#10 C:\Users\Ganz\Desktop\CodeIgniter\Regist2023\siswa\spark(97): CodeIgniter\CLI\Console->run()
#11 {main}

Next CodeIgniter\Database\Exceptions\DatabaseException: Unknown database 'siswa' in C:\Users\Ganz\Desktop\CodeIgniter\Regist2023\siswa\vendor\codeigniter4\framework\system\Database\MySQLi\Connection.php:218
Stack trace:
#0 C:\Users\Ganz\Desktop\CodeIgniter\Regist2023\siswa\vendor\codeigniter4\framework\system\Database\BaseConnection.php(391): CodeIgniter\Database\MySQLi\Connection->connect(false)
#1 C:\Users\Ganz\Desktop\CodeIgniter\Regist2023\siswa\vendor\codeigniter4\framework\system\Database\BaseConnection.php(574): CodeIgniter\Database\BaseConnection->initialize()
#2 C:\Users\Ganz\Desktop\CodeIgniter\Regist2023\siswa\vendor\codeigniter4\framework\system\Database\BaseConnection.php(1409): CodeIgniter\Database\BaseConnection->query('SHOW TABLES FRO...')
#3 C:\Users\Ganz\Desktop\CodeIgniter\Regist2023\siswa\vendor\codeigniter4\framework\system\Database\BaseConnection.php(1428): CodeIgniter\Database\BaseConnection->listTables()
#4 C:\Users\Ganz\Desktop\CodeIgniter\Regist2023\siswa\vendor\codeigniter4\framework\system\Database\MigrationRunner.php(768): CodeIgniter\Database\BaseConnection->tableExists('migrations')
#5 C:\Users\Ganz\Desktop\CodeIgniter\Regist2023\siswa\vendor\codeigniter4\framework\system\Database\MigrationRunner.php(168): CodeIgniter\Database\MigrationRunner->ensureTable()
#6 C:\Users\Ganz\Desktop\CodeIgniter\Regist2023\siswa\vendor\codeigniter4\framework\system\Commands\Database\Migrate.php(84): CodeIgniter\Database\MigrationRunner->latest(NULL)
#7 C:\Users\Ganz\Desktop\CodeIgniter\Regist2023\siswa\vendor\codeigniter4\framework\system\CLI\Commands.php(65): CodeIgniter\Commands\Database\Migrate->run(Array)
#8 C:\Users\Ganz\Desktop\CodeIgniter\Regist2023\siswa\vendor\codeigniter4\framework\system\CLI\Console.php(37): CodeIgniter\CLI\Commands->run('migrate', Array)
#9 C:\Users\Ganz\Desktop\CodeIgniter\Regist2023\siswa\spark(97): CodeIgniter\CLI\Console->run()
#10 {main}
CRITICAL - 2023-07-06 02:51:50 --> Invalid file: "admin.php"
in SYSTEMPATH\Exceptions\FrameworkException.php on line 33.
 1 SYSTEMPATH\View\View.php(212): CodeIgniter\Exceptions\FrameworkException::forInvalidFile('admin.php')
 2 SYSTEMPATH\Common.php(1180): CodeIgniter\View\View->render('admin', [], true)
 3 APPPATH\Controllers\Home.php(9): view('admin')
 4 SYSTEMPATH\CodeIgniter.php(932): App\Controllers\Home->index()
 5 SYSTEMPATH\CodeIgniter.php(497): CodeIgniter\CodeIgniter->runController(Object(App\Controllers\Home))
 6 SYSTEMPATH\CodeIgniter.php(366): CodeIgniter\CodeIgniter->handleRequest(null, Object(Config\Cache), false)
 7 FCPATH\index.php(67): CodeIgniter\CodeIgniter->run()
 8 SYSTEMPATH\Commands\Server\rewrite.php(47): require_once('C:\\Users\\Ganz\\Desktop\\CodeIgniter\\Regist2023\\siswa\\public\\index.php')
CRITICAL - 2023-07-06 02:51:55 --> Invalid file: "admin.php"
in SYSTEMPATH\Exceptions\FrameworkException.php on line 33.
 1 SYSTEMPATH\View\View.php(212): CodeIgniter\Exceptions\FrameworkException::forInvalidFile('admin.php')
 2 SYSTEMPATH\Common.php(1180): CodeIgniter\View\View->render('admin', [], true)
 3 APPPATH\Controllers\Home.php(9): view('admin')
 4 SYSTEMPATH\CodeIgniter.php(932): App\Controllers\Home->index()
 5 SYSTEMPATH\CodeIgniter.php(497): CodeIgniter\CodeIgniter->runController(Object(App\Controllers\Home))
 6 SYSTEMPATH\CodeIgniter.php(366): CodeIgniter\CodeIgniter->handleRequest(null, Object(Config\Cache), false)
 7 FCPATH\index.php(67): CodeIgniter\CodeIgniter->run()
 8 SYSTEMPATH\Commands\Server\rewrite.php(47): require_once('C:\\Users\\Ganz\\Desktop\\CodeIgniter\\Regist2023\\siswa\\public\\index.php')
CRITICAL - 2023-07-06 03:15:53 --> Invalid file: "layouts/components/sidebar.php"
in SYSTEMPATH\Exceptions\FrameworkException.php on line 33.
 1 SYSTEMPATH\View\View.php(212): CodeIgniter\Exceptions\FrameworkException::forInvalidFile('layouts/components/sidebar.php')
 2 SYSTEMPATH\View\View.php(452): CodeIgniter\View\View->render('layouts/components/sidebar', null, true)
 3 APPPATH\Views\layouts\admin.php(24): CodeIgniter\View\View->include('layouts/components/sidebar')
 4 SYSTEMPATH\View\View.php(224): include('C:\\Users\\Ganz\\Desktop\\CodeIgniter\\Regist2023\\siswa\\app\\Views\\layouts\\admin.php')
 5 SYSTEMPATH\View\View.php(227): CodeIgniter\View\View->CodeIgniter\View\{closure}()
 6 SYSTEMPATH\View\View.php(240): CodeIgniter\View\View->render('layouts/admin', [], true)
 7 SYSTEMPATH\Common.php(1180): CodeIgniter\View\View->render('dashboard', [], true)
 8 APPPATH\Controllers\Home.php(9): view('dashboard')
 9 SYSTEMPATH\CodeIgniter.php(932): App\Controllers\Home->index()
10 SYSTEMPATH\CodeIgniter.php(497): CodeIgniter\CodeIgniter->runController(Object(App\Controllers\Home))
11 SYSTEMPATH\CodeIgniter.php(366): CodeIgniter\CodeIgniter->handleRequest(null, Object(Config\Cache), false)
12 FCPATH\index.php(67): CodeIgniter\CodeIgniter->run()
13 SYSTEMPATH\Commands\Server\rewrite.php(47): require_once('C:\\Users\\Ganz\\Desktop\\CodeIgniter\\Regist2023\\siswa\\public\\index.php')
CRITICAL - 2023-07-06 03:16:25 --> Invalid file: "layouts/components/topbar.php"
in SYSTEMPATH\Exceptions\FrameworkException.php on line 33.
 1 SYSTEMPATH\View\View.php(212): CodeIgniter\Exceptions\FrameworkException::forInvalidFile('layouts/components/topbar.php')
 2 SYSTEMPATH\View\View.php(452): CodeIgniter\View\View->render('layouts/components/topbar', null, true)
 3 APPPATH\Views\layouts\admin.php(31): CodeIgniter\View\View->include('layouts/components/topbar')
 4 SYSTEMPATH\View\View.php(224): include('C:\\Users\\Ganz\\Desktop\\CodeIgniter\\Regist2023\\siswa\\app\\Views\\layouts\\admin.php')
 5 SYSTEMPATH\View\View.php(227): CodeIgniter\View\View->CodeIgniter\View\{closure}()
 6 SYSTEMPATH\View\View.php(240): CodeIgniter\View\View->render('layouts/admin', [], true)
 7 SYSTEMPATH\Common.php(1180): CodeIgniter\View\View->render('dashboard', [], true)
 8 APPPATH\Controllers\Home.php(9): view('dashboard')
 9 SYSTEMPATH\CodeIgniter.php(932): App\Controllers\Home->index()
10 SYSTEMPATH\CodeIgniter.php(497): CodeIgniter\CodeIgniter->runController(Object(App\Controllers\Home))
11 SYSTEMPATH\CodeIgniter.php(366): CodeIgniter\CodeIgniter->handleRequest(null, Object(Config\Cache), false)
12 FCPATH\index.php(67): CodeIgniter\CodeIgniter->run()
13 SYSTEMPATH\Commands\Server\rewrite.php(47): require_once('C:\\Users\\Ganz\\Desktop\\CodeIgniter\\Regist2023\\siswa\\public\\index.php')
CRITICAL - 2023-07-06 03:17:39 --> Invalid file: "layouts/components/sidebar.php"
in SYSTEMPATH\Exceptions\FrameworkException.php on line 33.
 1 SYSTEMPATH\View\View.php(212): CodeIgniter\Exceptions\FrameworkException::forInvalidFile('layouts/components/sidebar.php')
 2 SYSTEMPATH\View\View.php(452): CodeIgniter\View\View->render('layouts/components/sidebar', null, true)
 3 APPPATH\Views\layouts\admin.php(24): CodeIgniter\View\View->include('layouts/components/sidebar')
 4 SYSTEMPATH\View\View.php(224): include('C:\\Users\\Ganz\\Desktop\\CodeIgniter\\Regist2023\\siswa\\app\\Views\\layouts\\admin.php')
 5 SYSTEMPATH\View\View.php(227): CodeIgniter\View\View->CodeIgniter\View\{closure}()
 6 SYSTEMPATH\View\View.php(240): CodeIgniter\View\View->render('layouts/admin', [], true)
 7 SYSTEMPATH\Common.php(1180): CodeIgniter\View\View->render('dashboard', [], true)
 8 APPPATH\Controllers\Home.php(9): view('dashboard')
 9 SYSTEMPATH\CodeIgniter.php(932): App\Controllers\Home->index()
10 SYSTEMPATH\CodeIgniter.php(497): CodeIgniter\CodeIgniter->runController(Object(App\Controllers\Home))
11 SYSTEMPATH\CodeIgniter.php(366): CodeIgniter\CodeIgniter->handleRequest(null, Object(Config\Cache), false)
12 FCPATH\index.php(67): CodeIgniter\CodeIgniter->run()
13 SYSTEMPATH\Commands\Server\rewrite.php(47): require_once('C:\\Users\\Ganz\\Desktop\\CodeIgniter\\Regist2023\\siswa\\public\\index.php')
CRITICAL - 2023-07-06 11:43:42 --> Undefined variable $key
in APPPATH\Views\dashboard.php on line 80.
 1 APPPATH\Views\dashboard.php(80): CodeIgniter\Debug\Exceptions->errorHandler(2, 'Undefined variable $key', 'C:\\Users\\Ganz\\Desktop\\CodeIgniter\\Regist2023\\siswa\\app\\Views\\dashboard.php', 80)
 2 SYSTEMPATH\View\View.php(224): include('C:\\Users\\Ganz\\Desktop\\CodeIgniter\\Regist2023\\siswa\\app\\Views\\dashboard.php')
 3 SYSTEMPATH\View\View.php(227): CodeIgniter\View\View->CodeIgniter\View\{closure}()
 4 SYSTEMPATH\Common.php(1180): CodeIgniter\View\View->render('dashboard', [], true)
 5 APPPATH\Controllers\Home.php(9): view('dashboard')
 6 SYSTEMPATH\CodeIgniter.php(932): App\Controllers\Home->index()
 7 SYSTEMPATH\CodeIgniter.php(497): CodeIgniter\CodeIgniter->runController(Object(App\Controllers\Home))
 8 SYSTEMPATH\CodeIgniter.php(366): CodeIgniter\CodeIgniter->handleRequest(null, Object(Config\Cache), false)
 9 FCPATH\index.php(67): CodeIgniter\CodeIgniter->run()
10 SYSTEMPATH\Commands\Server\rewrite.php(47): require_once('C:\\Users\\Ganz\\Desktop\\CodeIgniter\\Regist2023\\siswa\\public\\index.php')
CRITICAL - 2023-07-06 11:44:08 --> Undefined variable $key
in APPPATH\Views\dashboard.php on line 83.
 1 APPPATH\Views\dashboard.php(83): CodeIgniter\Debug\Exceptions->errorHandler(2, 'Undefined variable $key', 'C:\\Users\\Ganz\\Desktop\\CodeIgniter\\Regist2023\\siswa\\app\\Views\\dashboard.php', 83)
 2 SYSTEMPATH\View\View.php(224): include('C:\\Users\\Ganz\\Desktop\\CodeIgniter\\Regist2023\\siswa\\app\\Views\\dashboard.php')
 3 SYSTEMPATH\View\View.php(227): CodeIgniter\View\View->CodeIgniter\View\{closure}()
 4 SYSTEMPATH\Common.php(1180): CodeIgniter\View\View->render('dashboard', [], true)
 5 APPPATH\Controllers\Home.php(9): view('dashboard')
 6 SYSTEMPATH\CodeIgniter.php(932): App\Controllers\Home->index()
 7 SYSTEMPATH\CodeIgniter.php(497): CodeIgniter\CodeIgniter->runController(Object(App\Controllers\Home))
 8 SYSTEMPATH\CodeIgniter.php(366): CodeIgniter\CodeIgniter->handleRequest(null, Object(Config\Cache), false)
 9 FCPATH\index.php(67): CodeIgniter\CodeIgniter->run()
10 SYSTEMPATH\Commands\Server\rewrite.php(47): require_once('C:\\Users\\Ganz\\Desktop\\CodeIgniter\\Regist2023\\siswa\\public\\index.php')
CRITICAL - 2023-07-06 11:44:11 --> Undefined variable $key
in APPPATH\Views\dashboard.php on line 83.
 1 APPPATH\Views\dashboard.php(83): CodeIgniter\Debug\Exceptions->errorHandler(2, 'Undefined variable $key', 'C:\\Users\\Ganz\\Desktop\\CodeIgniter\\Regist2023\\siswa\\app\\Views\\dashboard.php', 83)
 2 SYSTEMPATH\View\View.php(224): include('C:\\Users\\Ganz\\Desktop\\CodeIgniter\\Regist2023\\siswa\\app\\Views\\dashboard.php')
 3 SYSTEMPATH\View\View.php(227): CodeIgniter\View\View->CodeIgniter\View\{closure}()
 4 SYSTEMPATH\Common.php(1180): CodeIgniter\View\View->render('dashboard', [], true)
 5 APPPATH\Controllers\Home.php(9): view('dashboard')
 6 SYSTEMPATH\CodeIgniter.php(932): App\Controllers\Home->index()
 7 SYSTEMPATH\CodeIgniter.php(497): CodeIgniter\CodeIgniter->runController(Object(App\Controllers\Home))
 8 SYSTEMPATH\CodeIgniter.php(366): CodeIgniter\CodeIgniter->handleRequest(null, Object(Config\Cache), false)
 9 FCPATH\index.php(67): CodeIgniter\CodeIgniter->run()
10 SYSTEMPATH\Commands\Server\rewrite.php(47): require_once('C:\\Users\\Ganz\\Desktop\\CodeIgniter\\Regist2023\\siswa\\public\\index.php')
CRITICAL - 2023-07-06 11:44:25 --> Undefined variable $key
in APPPATH\Views\dashboard.php on line 84.
 1 APPPATH\Views\dashboard.php(84): CodeIgniter\Debug\Exceptions->errorHandler(2, 'Undefined variable $key', 'C:\\Users\\Ganz\\Desktop\\CodeIgniter\\Regist2023\\siswa\\app\\Views\\dashboard.php', 84)
 2 SYSTEMPATH\View\View.php(224): include('C:\\Users\\Ganz\\Desktop\\CodeIgniter\\Regist2023\\siswa\\app\\Views\\dashboard.php')
 3 SYSTEMPATH\View\View.php(227): CodeIgniter\View\View->CodeIgniter\View\{closure}()
 4 SYSTEMPATH\Common.php(1180): CodeIgniter\View\View->render('dashboard', [], true)
 5 APPPATH\Controllers\Home.php(9): view('dashboard')
 6 SYSTEMPATH\CodeIgniter.php(932): App\Controllers\Home->index()
 7 SYSTEMPATH\CodeIgniter.php(497): CodeIgniter\CodeIgniter->runController(Object(App\Controllers\Home))
 8 SYSTEMPATH\CodeIgniter.php(366): CodeIgniter\CodeIgniter->handleRequest(null, Object(Config\Cache), false)
 9 FCPATH\index.php(67): CodeIgniter\CodeIgniter->run()
10 SYSTEMPATH\Commands\Server\rewrite.php(47): require_once('C:\\Users\\Ganz\\Desktop\\CodeIgniter\\Regist2023\\siswa\\public\\index.php')
CRITICAL - 2023-07-06 11:44:26 --> Undefined variable $key
in APPPATH\Views\dashboard.php on line 84.
 1 APPPATH\Views\dashboard.php(84): CodeIgniter\Debug\Exceptions->errorHandler(2, 'Undefined variable $key', 'C:\\Users\\Ganz\\Desktop\\CodeIgniter\\Regist2023\\siswa\\app\\Views\\dashboard.php', 84)
 2 SYSTEMPATH\View\View.php(224): include('C:\\Users\\Ganz\\Desktop\\CodeIgniter\\Regist2023\\siswa\\app\\Views\\dashboard.php')
 3 SYSTEMPATH\View\View.php(227): CodeIgniter\View\View->CodeIgniter\View\{closure}()
 4 SYSTEMPATH\Common.php(1180): CodeIgniter\View\View->render('dashboard', [], true)
 5 APPPATH\Controllers\Home.php(9): view('dashboard')
 6 SYSTEMPATH\CodeIgniter.php(932): App\Controllers\Home->index()
 7 SYSTEMPATH\CodeIgniter.php(497): CodeIgniter\CodeIgniter->runController(Object(App\Controllers\Home))
 8 SYSTEMPATH\CodeIgniter.php(366): CodeIgniter\CodeIgniter->handleRequest(null, Object(Config\Cache), false)
 9 FCPATH\index.php(67): CodeIgniter\CodeIgniter->run()
10 SYSTEMPATH\Commands\Server\rewrite.php(47): require_once('C:\\Users\\Ganz\\Desktop\\CodeIgniter\\Regist2023\\siswa\\public\\index.php')
CRITICAL - 2023-07-06 11:44:46 --> Undefined variable $contact
in APPPATH\Views\dashboard.php on line 84.
 1 APPPATH\Views\dashboard.php(84): CodeIgniter\Debug\Exceptions->errorHandler(2, 'Undefined variable $contact', 'C:\\Users\\Ganz\\Desktop\\CodeIgniter\\Regist2023\\siswa\\app\\Views\\dashboard.php', 84)
 2 SYSTEMPATH\View\View.php(224): include('C:\\Users\\Ganz\\Desktop\\CodeIgniter\\Regist2023\\siswa\\app\\Views\\dashboard.php')
 3 SYSTEMPATH\View\View.php(227): CodeIgniter\View\View->CodeIgniter\View\{closure}()
 4 SYSTEMPATH\Common.php(1180): CodeIgniter\View\View->render('dashboard', [], true)
 5 APPPATH\Controllers\Home.php(9): view('dashboard')
 6 SYSTEMPATH\CodeIgniter.php(932): App\Controllers\Home->index()
 7 SYSTEMPATH\CodeIgniter.php(497): CodeIgniter\CodeIgniter->runController(Object(App\Controllers\Home))
 8 SYSTEMPATH\CodeIgniter.php(366): CodeIgniter\CodeIgniter->handleRequest(null, Object(Config\Cache), false)
 9 FCPATH\index.php(67): CodeIgniter\CodeIgniter->run()
10 SYSTEMPATH\Commands\Server\rewrite.php(47): require_once('C:\\Users\\Ganz\\Desktop\\CodeIgniter\\Regist2023\\siswa\\public\\index.php')
