INFO - 2023-09-20 00:08:55 --> Session: Class initialized using 'CodeIgniter\Session\Handlers\FileHandler' driver.
INFO - 2023-09-20 00:08:58 --> Session: Class initialized using 'CodeIgniter\Session\Handlers\FileHandler' driver.
INFO - 2023-09-20 00:09:04 --> Session: Class initialized using 'CodeIgniter\Session\Handlers\FileHandler' driver.
ERROR - 2023-09-20 04:04:36 --> Error connecting to the database: mysqli_sql_exception: No connection could be made because the target machine actively refused it in D:\DATA C\Dekstop\CodeIgniter\StudentRegist\vendor\codeigniter4\framework\system\Database\MySQLi\Connection.php:173
Stack trace:
#0 D:\DATA C\Dekstop\CodeIgniter\StudentRegist\vendor\codeigniter4\framework\system\Database\MySQLi\Connection.php(173): mysqli->real_connect('localhost', 'root', Object(SensitiveParameterValue), 'apps', 3306, '', 0)
#1 D:\DATA C\Dekstop\CodeIgniter\StudentRegist\vendor\codeigniter4\framework\system\Database\BaseConnection.php(391): CodeIgniter\Database\MySQLi\Connection->connect(false)
#2 D:\DATA C\Dekstop\CodeIgniter\StudentRegist\vendor\codeigniter4\framework\system\Database\BaseConnection.php(574): CodeIgniter\Database\BaseConnection->initialize()
#3 D:\DATA C\Dekstop\CodeIgniter\StudentRegist\vendor\codeigniter4\framework\system\Database\BaseBuilder.php(1616): CodeIgniter\Database\BaseConnection->query('SELECT *\nFROM `...', Array, false)
#4 D:\DATA C\Dekstop\CodeIgniter\StudentRegist\vendor\codeigniter4\framework\system\Model.php(241): CodeIgniter\Database\BaseBuilder->get()
#5 D:\DATA C\Dekstop\CodeIgniter\StudentRegist\vendor\codeigniter4\framework\system\BaseModel.php(618): CodeIgniter\Model->doFindAll(0, 0)
#6 D:\DATA C\Dekstop\CodeIgniter\StudentRegist\app\Controllers\Home.php(32): CodeIgniter\BaseModel->findAll()
#7 D:\DATA C\Dekstop\CodeIgniter\StudentRegist\vendor\codeigniter4\framework\system\CodeIgniter.php(932): App\Controllers\Home->pengumuman()
#8 D:\DATA C\Dekstop\CodeIgniter\StudentRegist\vendor\codeigniter4\framework\system\CodeIgniter.php(497): CodeIgniter\CodeIgniter->runController(Object(App\Controllers\Home))
#9 D:\DATA C\Dekstop\CodeIgniter\StudentRegist\vendor\codeigniter4\framework\system\CodeIgniter.php(366): CodeIgniter\CodeIgniter->handleRequest(NULL, Object(Config\Cache), false)
#10 D:\DATA C\Dekstop\CodeIgniter\StudentRegist\public\index.php(67): CodeIgniter\CodeIgniter->run()
#11 D:\DATA C\Dekstop\CodeIgniter\StudentRegist\vendor\codeigniter4\framework\system\Commands\Server\rewrite.php(47): require_once('D:\\DATA C\\Dekst...')
#12 {main}

Next CodeIgniter\Database\Exceptions\DatabaseException: No connection could be made because the target machine actively refused it in D:\DATA C\Dekstop\CodeIgniter\StudentRegist\vendor\codeigniter4\framework\system\Database\MySQLi\Connection.php:218
Stack trace:
#0 D:\DATA C\Dekstop\CodeIgniter\StudentRegist\vendor\codeigniter4\framework\system\Database\BaseConnection.php(391): CodeIgniter\Database\MySQLi\Connection->connect(false)
#1 D:\DATA C\Dekstop\CodeIgniter\StudentRegist\vendor\codeigniter4\framework\system\Database\BaseConnection.php(574): CodeIgniter\Database\BaseConnection->initialize()
#2 D:\DATA C\Dekstop\CodeIgniter\StudentRegist\vendor\codeigniter4\framework\system\Database\BaseBuilder.php(1616): CodeIgniter\Database\BaseConnection->query('SELECT *\nFROM `...', Array, false)
#3 D:\DATA C\Dekstop\CodeIgniter\StudentRegist\vendor\codeigniter4\framework\system\Model.php(241): CodeIgniter\Database\BaseBuilder->get()
#4 D:\DATA C\Dekstop\CodeIgniter\StudentRegist\vendor\codeigniter4\framework\system\BaseModel.php(618): CodeIgniter\Model->doFindAll(0, 0)
#5 D:\DATA C\Dekstop\CodeIgniter\StudentRegist\app\Controllers\Home.php(32): CodeIgniter\BaseModel->findAll()
#6 D:\DATA C\Dekstop\CodeIgniter\StudentRegist\vendor\codeigniter4\framework\system\CodeIgniter.php(932): App\Controllers\Home->pengumuman()
#7 D:\DATA C\Dekstop\CodeIgniter\StudentRegist\vendor\codeigniter4\framework\system\CodeIgniter.php(497): CodeIgniter\CodeIgniter->runController(Object(App\Controllers\Home))
#8 D:\DATA C\Dekstop\CodeIgniter\StudentRegist\vendor\codeigniter4\framework\system\CodeIgniter.php(366): CodeIgniter\CodeIgniter->handleRequest(NULL, Object(Config\Cache), false)
#9 D:\DATA C\Dekstop\CodeIgniter\StudentRegist\public\index.php(67): CodeIgniter\CodeIgniter->run()
#10 D:\DATA C\Dekstop\CodeIgniter\StudentRegist\vendor\codeigniter4\framework\system\Commands\Server\rewrite.php(47): require_once('D:\\DATA C\\Dekst...')
#11 {main}
CRITICAL - 2023-09-20 04:04:36 --> Unable to connect to the database.
Main connection [MySQLi]: No connection could be made because the target machine actively refused it
in SYSTEMPATH\Database\BaseConnection.php on line 427.
 1 SYSTEMPATH\Database\BaseConnection.php(574): CodeIgniter\Database\BaseConnection->initialize()
 2 SYSTEMPATH\Database\BaseBuilder.php(1616): CodeIgniter\Database\BaseConnection->query('SELECT *
FROM `siswa`', [], false)
 3 SYSTEMPATH\Model.php(241): CodeIgniter\Database\BaseBuilder->get()
 4 SYSTEMPATH\BaseModel.php(618): CodeIgniter\Model->doFindAll(0, 0)
 5 APPPATH\Controllers\Home.php(32): CodeIgniter\BaseModel->findAll()
 6 SYSTEMPATH\CodeIgniter.php(932): App\Controllers\Home->pengumuman()
 7 SYSTEMPATH\CodeIgniter.php(497): CodeIgniter\CodeIgniter->runController(Object(App\Controllers\Home))
 8 SYSTEMPATH\CodeIgniter.php(366): CodeIgniter\CodeIgniter->handleRequest(null, Object(Config\Cache), false)
 9 FCPATH\index.php(67): CodeIgniter\CodeIgniter->run()
10 SYSTEMPATH\Commands\Server\rewrite.php(47): require_once('D:\\DATA C\\Dekstop\\CodeIgniter\\StudentRegist\\public\\index.php')
INFO - 2023-09-20 04:04:41 --> Session: Class initialized using 'CodeIgniter\Session\Handlers\FileHandler' driver.
