CRITICAL - 2023-07-11 07:12:42 --> Invalid file: "layouts/component/footer.php"
in SYSTEMPATH\Exceptions\FrameworkException.php on line 33.
 1 SYSTEMPATH\View\View.php(212): CodeIgniter\Exceptions\FrameworkException::forInvalidFile('layouts/component/footer.php')
 2 SYSTEMPATH\View\View.php(240): CodeIgniter\View\View->render('layouts/component/footer', [], true)
 3 SYSTEMPATH\Common.php(1180): CodeIgniter\View\View->render('home', [], true)
 4 APPPATH\Controllers\Home.php(13): view('home')
 5 SYSTEMPATH\CodeIgniter.php(932): App\Controllers\Home->home()
 6 SYSTEMPATH\CodeIgniter.php(497): CodeIgniter\CodeIgniter->runController(Object(App\Controllers\Home))
 7 SYSTEMPATH\CodeIgniter.php(366): CodeIgniter\CodeIgniter->handleRequest(null, Object(Config\Cache), false)
 8 FCPATH\index.php(67): CodeIgniter\CodeIgniter->run()
 9 SYSTEMPATH\Commands\Server\rewrite.php(47): require_once('C:\\Users\\Ganz\\Desktop\\CodeIgniter\\Regist2023\\siswa\\public\\index.php')
CRITICAL - 2023-07-11 07:12:53 --> Invalid file: "layouts/component/footer.php"
in SYSTEMPATH\Exceptions\FrameworkException.php on line 33.
 1 SYSTEMPATH\View\View.php(212): CodeIgniter\Exceptions\FrameworkException::forInvalidFile('layouts/component/footer.php')
 2 SYSTEMPATH\View\View.php(240): CodeIgniter\View\View->render('layouts/component/footer', [], true)
 3 SYSTEMPATH\Common.php(1180): CodeIgniter\View\View->render('home', [], true)
 4 APPPATH\Controllers\Home.php(13): view('home')
 5 SYSTEMPATH\CodeIgniter.php(932): App\Controllers\Home->home()
 6 SYSTEMPATH\CodeIgniter.php(497): CodeIgniter\CodeIgniter->runController(Object(App\Controllers\Home))
 7 SYSTEMPATH\CodeIgniter.php(366): CodeIgniter\CodeIgniter->handleRequest(null, Object(Config\Cache), false)
 8 FCPATH\index.php(67): CodeIgniter\CodeIgniter->run()
 9 SYSTEMPATH\Commands\Server\rewrite.php(47): require_once('C:\\Users\\Ganz\\Desktop\\CodeIgniter\\Regist2023\\siswa\\public\\index.php')
CRITICAL - 2023-07-11 07:13:17 --> Invalid file: "layouts/component/navigation.php"
in SYSTEMPATH\Exceptions\FrameworkException.php on line 33.
 1 SYSTEMPATH\View\View.php(212): CodeIgniter\Exceptions\FrameworkException::forInvalidFile('layouts/component/navigation.php')
 2 SYSTEMPATH\View\View.php(240): CodeIgniter\View\View->render('layouts/component/navigation', [], true)
 3 SYSTEMPATH\Common.php(1180): CodeIgniter\View\View->render('home', [], true)
 4 APPPATH\Controllers\Home.php(13): view('home')
 5 SYSTEMPATH\CodeIgniter.php(932): App\Controllers\Home->home()
 6 SYSTEMPATH\CodeIgniter.php(497): CodeIgniter\CodeIgniter->runController(Object(App\Controllers\Home))
 7 SYSTEMPATH\CodeIgniter.php(366): CodeIgniter\CodeIgniter->handleRequest(null, Object(Config\Cache), false)
 8 FCPATH\index.php(67): CodeIgniter\CodeIgniter->run()
 9 SYSTEMPATH\Commands\Server\rewrite.php(47): require_once('C:\\Users\\Ganz\\Desktop\\CodeIgniter\\Regist2023\\siswa\\public\\index.php')
