CRITICAL - 2023-07-12 09:40:03 --> The namespace delimiter is a backslash (\), not a slash (/). Route handler: "\App\Controllers\https://wa.me/085781079860"
in SYSTEMPATH\Router\Router.php on line 474.
 1 SYSTEMPATH\Router\Router.php(474): CodeIgniter\Router\Exceptions\RouterException::forInvalidControllerName('\\App\\Controllers\\https://wa.me/085781079860')
 2 SYSTEMPATH\Router\Router.php(182): CodeIgniter\Router\Router->checkRoutes('wa')
 3 SYSTEMPATH\CodeIgniter.php(813): CodeIgniter\Router\Router->handle('wa')
 4 SYSTEMPATH\CodeIgniter.php(447): CodeIgniter\CodeIgniter->tryToRouteIt(Object(CodeIgniter\Router\RouteCollection))
 5 SYSTEMPATH\CodeIgniter.php(366): CodeIgniter\CodeIgniter->handleRequest(null, Object(Config\Cache), false)
 6 FCPATH\index.php(67): CodeIgniter\CodeIgniter->run()
 7 SYSTEMPATH\Commands\Server\rewrite.php(47): require_once('D:\\DATA C\\Dekstop\\CodeIgniter\\Regist2023\\siswa\\public\\index.php')
CRITICAL - 2023-07-12 21:10:10 --> Undefined variable $siswa
in APPPATH\Views\form\daftar.php on line 11.
 1 APPPATH\Views\form\daftar.php(11): CodeIgniter\Debug\Exceptions->errorHandler(2, 'Undefined variable $siswa', 'D:\\DATA C\\Dekstop\\CodeIgniter\\Regist2023\\siswa\\app\\Views\\form\\daftar.php', 11)
 2 SYSTEMPATH\View\View.php(224): include('D:\\DATA C\\Dekstop\\CodeIgniter\\Regist2023\\siswa\\app\\Views\\form\\daftar.php')
 3 SYSTEMPATH\View\View.php(227): CodeIgniter\View\View->CodeIgniter\View\{closure}()
 4 SYSTEMPATH\Common.php(1180): CodeIgniter\View\View->render('form/daftar', [], true)
 5 APPPATH\Controllers\Home.php(32): view('form/daftar')
 6 SYSTEMPATH\CodeIgniter.php(932): App\Controllers\Home->regist()
 7 SYSTEMPATH\CodeIgniter.php(497): CodeIgniter\CodeIgniter->runController(Object(App\Controllers\Home))
 8 SYSTEMPATH\CodeIgniter.php(366): CodeIgniter\CodeIgniter->handleRequest(null, Object(Config\Cache), false)
 9 FCPATH\index.php(67): CodeIgniter\CodeIgniter->run()
10 SYSTEMPATH\Commands\Server\rewrite.php(47): require_once('D:\\DATA C\\Dekstop\\CodeIgniter\\Regist2023\\siswa\\public\\index.php')
