INFO - 2023-07-19 00:04:21 --> Session: Class initialized using 'CodeIgniter\Session\Handlers\FileHandler' driver.
INFO - 2023-07-19 00:04:37 --> Session: Class initialized using 'CodeIgniter\Session\Handlers\FileHandler' driver.
INFO - 2023-07-19 00:04:49 --> Session: Class initialized using 'CodeIgniter\Session\Handlers\FileHandler' driver.
INFO - 2023-07-19 00:05:44 --> Session: Class initialized using 'CodeIgniter\Session\Handlers\FileHandler' driver.
INFO - 2023-07-19 00:06:01 --> Session: Class initialized using 'CodeIgniter\Session\Handlers\FileHandler' driver.
INFO - 2023-07-19 00:06:06 --> Session: Class initialized using 'CodeIgniter\Session\Handlers\FileHandler' driver.
INFO - 2023-07-19 00:06:40 --> Session: Class initialized using 'CodeIgniter\Session\Handlers\FileHandler' driver.
INFO - 2023-07-19 00:15:36 --> Session: Class initialized using 'CodeIgniter\Session\Handlers\FileHandler' driver.
ERROR - 2023-07-19 00:18:26 --> mysqli_sql_exception: Column 'tempat_lahir' cannot be null in D:\DATA C\Dekstop\CodeIgniter\Regist2023\siswa\vendor\codeigniter4\framework\system\Database\MySQLi\Connection.php:295
Stack trace:
#0 D:\DATA C\Dekstop\CodeIgniter\Regist2023\siswa\vendor\codeigniter4\framework\system\Database\MySQLi\Connection.php(295): mysqli->query('INSERT INTO `si...', 0)
#1 D:\DATA C\Dekstop\CodeIgniter\Regist2023\siswa\vendor\codeigniter4\framework\system\Database\BaseConnection.php(692): CodeIgniter\Database\MySQLi\Connection->execute('INSERT INTO `si...')
#2 D:\DATA C\Dekstop\CodeIgniter\Regist2023\siswa\vendor\codeigniter4\framework\system\Database\BaseConnection.php(606): CodeIgniter\Database\BaseConnection->simpleQuery('INSERT INTO `si...')
#3 D:\DATA C\Dekstop\CodeIgniter\Regist2023\siswa\vendor\codeigniter4\framework\system\Database\BaseBuilder.php(2309): CodeIgniter\Database\BaseConnection->query('INSERT INTO `si...', Array, false)
#4 D:\DATA C\Dekstop\CodeIgniter\Regist2023\siswa\vendor\codeigniter4\framework\system\Model.php(330): CodeIgniter\Database\BaseBuilder->insert()
#5 D:\DATA C\Dekstop\CodeIgniter\Regist2023\siswa\vendor\codeigniter4\framework\system\BaseModel.php(782): CodeIgniter\Model->doInsert(Array)
#6 D:\DATA C\Dekstop\CodeIgniter\Regist2023\siswa\vendor\codeigniter4\framework\system\Model.php(730): CodeIgniter\BaseModel->insert(Array, true)
#7 D:\DATA C\Dekstop\CodeIgniter\Regist2023\siswa\app\Controllers\Siswa.php(38): CodeIgniter\Model->insert(Array)
#8 D:\DATA C\Dekstop\CodeIgniter\Regist2023\siswa\vendor\codeigniter4\framework\system\CodeIgniter.php(932): App\Controllers\Siswa->saveFormData()
#9 D:\DATA C\Dekstop\CodeIgniter\Regist2023\siswa\vendor\codeigniter4\framework\system\CodeIgniter.php(497): CodeIgniter\CodeIgniter->runController(Object(App\Controllers\Siswa))
#10 D:\DATA C\Dekstop\CodeIgniter\Regist2023\siswa\vendor\codeigniter4\framework\system\CodeIgniter.php(366): CodeIgniter\CodeIgniter->handleRequest(NULL, Object(Config\Cache), false)
#11 D:\DATA C\Dekstop\CodeIgniter\Regist2023\siswa\public\index.php(67): CodeIgniter\CodeIgniter->run()
#12 D:\DATA C\Dekstop\CodeIgniter\Regist2023\siswa\vendor\codeigniter4\framework\system\Commands\Server\rewrite.php(47): require_once('D:\\DATA C\\Dekst...')
#13 {main}
CRITICAL - 2023-07-19 00:18:26 --> Column 'tempat_lahir' cannot be null
in SYSTEMPATH\Database\MySQLi\Connection.php on line 295.
 1 SYSTEMPATH\Database\MySQLi\Connection.php(295): mysqli->query('INSERT INTO `siswa` (`tempat_lahir`, `tgl_lahir`, `jenis_kelamin`, `agama`, `anak`, `jum_sdr`, `alamat`, `telp`, `nama_ortu`, `pekerjaan`, `alamat_ortu`) VALUES (NULL, NULL, NULL, NULL, NULL, NULL, NULL, NULL, NULL, NULL, NULL)', 0)
 2 SYSTEMPATH\Database\BaseConnection.php(692): CodeIgniter\Database\MySQLi\Connection->execute('INSERT INTO `siswa` (`tempat_lahir`, `tgl_lahir`, `jenis_kelamin`, `agama`, `anak`, `jum_sdr`, `alamat`, `telp`, `nama_ortu`, `pekerjaan`, `alamat_ortu`) VALUES (NULL, NULL, NULL, NULL, NULL, NULL, NULL, NULL, NULL, NULL, NULL)')
 3 SYSTEMPATH\Database\BaseConnection.php(606): CodeIgniter\Database\BaseConnection->simpleQuery('INSERT INTO `siswa` (`tempat_lahir`, `tgl_lahir`, `jenis_kelamin`, `agama`, `anak`, `jum_sdr`, `alamat`, `telp`, `nama_ortu`, `pekerjaan`, `alamat_ortu`) VALUES (NULL, NULL, NULL, NULL, NULL, NULL, NULL, NULL, NULL, NULL, NULL)')
 4 SYSTEMPATH\Database\BaseBuilder.php(2309): CodeIgniter\Database\BaseConnection->query('INSERT INTO `siswa` (`tempat_lahir`, `tgl_lahir`, `jenis_kelamin`, `agama`, `anak`, `jum_sdr`, `alamat`, `telp`, `nama_ortu`, `pekerjaan`, `alamat_ortu`) VALUES (:tempat_lahir:, :tgl_lahir:, :jenis_kelamin:, :agama:, :anak:, :jum_sdr:, :alamat:, :telp:, :nama_ortu:, :pekerjaan:, :alamat_ortu:)', [...], false)
 5 SYSTEMPATH\Model.php(330): CodeIgniter\Database\BaseBuilder->insert()
 6 SYSTEMPATH\BaseModel.php(782): CodeIgniter\Model->doInsert([...])
 7 SYSTEMPATH\Model.php(730): CodeIgniter\BaseModel->insert([...], true)
 8 APPPATH\Controllers\Siswa.php(38): CodeIgniter\Model->insert([...])
 9 SYSTEMPATH\CodeIgniter.php(932): App\Controllers\Siswa->saveFormData()
10 SYSTEMPATH\CodeIgniter.php(497): CodeIgniter\CodeIgniter->runController(Object(App\Controllers\Siswa))
11 SYSTEMPATH\CodeIgniter.php(366): CodeIgniter\CodeIgniter->handleRequest(null, Object(Config\Cache), false)
12 FCPATH\index.php(67): CodeIgniter\CodeIgniter->run()
13 SYSTEMPATH\Commands\Server\rewrite.php(47): require_once('D:\\DATA C\\Dekstop\\CodeIgniter\\Regist2023\\siswa\\public\\index.php')
INFO - 2023-07-19 00:18:29 --> Session: Class initialized using 'CodeIgniter\Session\Handlers\FileHandler' driver.
INFO - 2023-07-19 00:29:31 --> Session: Class initialized using 'CodeIgniter\Session\Handlers\FileHandler' driver.
INFO - 2023-07-19 00:29:34 --> Session: Class initialized using 'CodeIgniter\Session\Handlers\FileHandler' driver.
ERROR - 2023-07-19 00:29:37 --> mysqli_sql_exception: Column 'tempat_lahir' cannot be null in D:\DATA C\Dekstop\CodeIgniter\Regist2023\siswa\vendor\codeigniter4\framework\system\Database\MySQLi\Connection.php:295
Stack trace:
#0 D:\DATA C\Dekstop\CodeIgniter\Regist2023\siswa\vendor\codeigniter4\framework\system\Database\MySQLi\Connection.php(295): mysqli->query('INSERT INTO `si...', 0)
#1 D:\DATA C\Dekstop\CodeIgniter\Regist2023\siswa\vendor\codeigniter4\framework\system\Database\BaseConnection.php(692): CodeIgniter\Database\MySQLi\Connection->execute('INSERT INTO `si...')
#2 D:\DATA C\Dekstop\CodeIgniter\Regist2023\siswa\vendor\codeigniter4\framework\system\Database\BaseConnection.php(606): CodeIgniter\Database\BaseConnection->simpleQuery('INSERT INTO `si...')
#3 D:\DATA C\Dekstop\CodeIgniter\Regist2023\siswa\vendor\codeigniter4\framework\system\Database\BaseBuilder.php(2309): CodeIgniter\Database\BaseConnection->query('INSERT INTO `si...', Array, false)
#4 D:\DATA C\Dekstop\CodeIgniter\Regist2023\siswa\vendor\codeigniter4\framework\system\Model.php(330): CodeIgniter\Database\BaseBuilder->insert()
#5 D:\DATA C\Dekstop\CodeIgniter\Regist2023\siswa\vendor\codeigniter4\framework\system\BaseModel.php(782): CodeIgniter\Model->doInsert(Array)
#6 D:\DATA C\Dekstop\CodeIgniter\Regist2023\siswa\vendor\codeigniter4\framework\system\Model.php(730): CodeIgniter\BaseModel->insert(Array, true)
#7 D:\DATA C\Dekstop\CodeIgniter\Regist2023\siswa\app\Controllers\Siswa.php(38): CodeIgniter\Model->insert(Array)
#8 D:\DATA C\Dekstop\CodeIgniter\Regist2023\siswa\vendor\codeigniter4\framework\system\CodeIgniter.php(932): App\Controllers\Siswa->saveFormData()
#9 D:\DATA C\Dekstop\CodeIgniter\Regist2023\siswa\vendor\codeigniter4\framework\system\CodeIgniter.php(497): CodeIgniter\CodeIgniter->runController(Object(App\Controllers\Siswa))
#10 D:\DATA C\Dekstop\CodeIgniter\Regist2023\siswa\vendor\codeigniter4\framework\system\CodeIgniter.php(366): CodeIgniter\CodeIgniter->handleRequest(NULL, Object(Config\Cache), false)
#11 D:\DATA C\Dekstop\CodeIgniter\Regist2023\siswa\public\index.php(67): CodeIgniter\CodeIgniter->run()
#12 D:\DATA C\Dekstop\CodeIgniter\Regist2023\siswa\vendor\codeigniter4\framework\system\Commands\Server\rewrite.php(47): require_once('D:\\DATA C\\Dekst...')
#13 {main}
CRITICAL - 2023-07-19 00:29:37 --> Column 'tempat_lahir' cannot be null
in SYSTEMPATH\Database\MySQLi\Connection.php on line 295.
 1 SYSTEMPATH\Database\MySQLi\Connection.php(295): mysqli->query('INSERT INTO `siswa` (`tempat_lahir`, `tgl_lahir`, `jenis_kelamin`, `agama`, `anak`, `jum_sdr`, `alamat`, `telp`, `nama_ortu`, `pekerjaan`, `alamat_ortu`) VALUES (NULL, NULL, NULL, NULL, NULL, NULL, NULL, NULL, NULL, NULL, NULL)', 0)
 2 SYSTEMPATH\Database\BaseConnection.php(692): CodeIgniter\Database\MySQLi\Connection->execute('INSERT INTO `siswa` (`tempat_lahir`, `tgl_lahir`, `jenis_kelamin`, `agama`, `anak`, `jum_sdr`, `alamat`, `telp`, `nama_ortu`, `pekerjaan`, `alamat_ortu`) VALUES (NULL, NULL, NULL, NULL, NULL, NULL, NULL, NULL, NULL, NULL, NULL)')
 3 SYSTEMPATH\Database\BaseConnection.php(606): CodeIgniter\Database\BaseConnection->simpleQuery('INSERT INTO `siswa` (`tempat_lahir`, `tgl_lahir`, `jenis_kelamin`, `agama`, `anak`, `jum_sdr`, `alamat`, `telp`, `nama_ortu`, `pekerjaan`, `alamat_ortu`) VALUES (NULL, NULL, NULL, NULL, NULL, NULL, NULL, NULL, NULL, NULL, NULL)')
 4 SYSTEMPATH\Database\BaseBuilder.php(2309): CodeIgniter\Database\BaseConnection->query('INSERT INTO `siswa` (`tempat_lahir`, `tgl_lahir`, `jenis_kelamin`, `agama`, `anak`, `jum_sdr`, `alamat`, `telp`, `nama_ortu`, `pekerjaan`, `alamat_ortu`) VALUES (:tempat_lahir:, :tgl_lahir:, :jenis_kelamin:, :agama:, :anak:, :jum_sdr:, :alamat:, :telp:, :nama_ortu:, :pekerjaan:, :alamat_ortu:)', [...], false)
 5 SYSTEMPATH\Model.php(330): CodeIgniter\Database\BaseBuilder->insert()
 6 SYSTEMPATH\BaseModel.php(782): CodeIgniter\Model->doInsert([...])
 7 SYSTEMPATH\Model.php(730): CodeIgniter\BaseModel->insert([...], true)
 8 APPPATH\Controllers\Siswa.php(38): CodeIgniter\Model->insert([...])
 9 SYSTEMPATH\CodeIgniter.php(932): App\Controllers\Siswa->saveFormData()
10 SYSTEMPATH\CodeIgniter.php(497): CodeIgniter\CodeIgniter->runController(Object(App\Controllers\Siswa))
11 SYSTEMPATH\CodeIgniter.php(366): CodeIgniter\CodeIgniter->handleRequest(null, Object(Config\Cache), false)
12 FCPATH\index.php(67): CodeIgniter\CodeIgniter->run()
13 SYSTEMPATH\Commands\Server\rewrite.php(47): require_once('D:\\DATA C\\Dekstop\\CodeIgniter\\Regist2023\\siswa\\public\\index.php')
INFO - 2023-07-19 00:38:29 --> Session: Class initialized using 'CodeIgniter\Session\Handlers\FileHandler' driver.
INFO - 2023-07-19 00:39:57 --> Session: Class initialized using 'CodeIgniter\Session\Handlers\FileHandler' driver.
INFO - 2023-07-19 01:01:59 --> Session: Class initialized using 'CodeIgniter\Session\Handlers\FileHandler' driver.
INFO - 2023-07-19 01:02:04 --> Session: Class initialized using 'CodeIgniter\Session\Handlers\FileHandler' driver.
INFO - 2023-07-19 01:02:12 --> Session: Class initialized using 'CodeIgniter\Session\Handlers\FileHandler' driver.
INFO - 2023-07-19 01:02:17 --> Session: Class initialized using 'CodeIgniter\Session\Handlers\FileHandler' driver.
INFO - 2023-07-19 01:03:43 --> Session: Class initialized using 'CodeIgniter\Session\Handlers\FileHandler' driver.
INFO - 2023-07-19 01:05:06 --> Session: Class initialized using 'CodeIgniter\Session\Handlers\FileHandler' driver.
INFO - 2023-07-19 01:05:12 --> Session: Class initialized using 'CodeIgniter\Session\Handlers\FileHandler' driver.
INFO - 2023-07-19 01:06:14 --> Session: Class initialized using 'CodeIgniter\Session\Handlers\FileHandler' driver.
INFO - 2023-07-19 01:13:40 --> Session: Class initialized using 'CodeIgniter\Session\Handlers\FileHandler' driver.
INFO - 2023-07-19 01:14:33 --> Session: Class initialized using 'CodeIgniter\Session\Handlers\FileHandler' driver.
INFO - 2023-07-19 01:15:11 --> Session: Class initialized using 'CodeIgniter\Session\Handlers\FileHandler' driver.
INFO - 2023-07-19 01:16:51 --> Session: Class initialized using 'CodeIgniter\Session\Handlers\FileHandler' driver.
INFO - 2023-07-19 01:16:59 --> Session: Class initialized using 'CodeIgniter\Session\Handlers\FileHandler' driver.
INFO - 2023-07-19 01:17:04 --> Session: Class initialized using 'CodeIgniter\Session\Handlers\FileHandler' driver.
INFO - 2023-07-19 01:18:48 --> Session: Class initialized using 'CodeIgniter\Session\Handlers\FileHandler' driver.
INFO - 2023-07-19 01:18:56 --> Session: Class initialized using 'CodeIgniter\Session\Handlers\FileHandler' driver.
INFO - 2023-07-19 01:21:41 --> Session: Class initialized using 'CodeIgniter\Session\Handlers\FileHandler' driver.
INFO - 2023-07-19 01:22:07 --> Session: Class initialized using 'CodeIgniter\Session\Handlers\FileHandler' driver.
INFO - 2023-07-19 01:22:12 --> Session: Class initialized using 'CodeIgniter\Session\Handlers\FileHandler' driver.
INFO - 2023-07-19 01:24:53 --> Session: Class initialized using 'CodeIgniter\Session\Handlers\FileHandler' driver.
INFO - 2023-07-19 01:25:20 --> Session: Class initialized using 'CodeIgniter\Session\Handlers\FileHandler' driver.
INFO - 2023-07-19 01:26:31 --> Session: Class initialized using 'CodeIgniter\Session\Handlers\FileHandler' driver.
INFO - 2023-07-19 01:26:39 --> Session: Class initialized using 'CodeIgniter\Session\Handlers\FileHandler' driver.
INFO - 2023-07-19 01:26:58 --> Session: Class initialized using 'CodeIgniter\Session\Handlers\FileHandler' driver.
INFO - 2023-07-19 01:30:02 --> Session: Class initialized using 'CodeIgniter\Session\Handlers\FileHandler' driver.
INFO - 2023-07-19 01:31:00 --> Session: Class initialized using 'CodeIgniter\Session\Handlers\FileHandler' driver.
INFO - 2023-07-19 01:45:53 --> Session: Class initialized using 'CodeIgniter\Session\Handlers\FileHandler' driver.
INFO - 2023-07-19 01:46:37 --> Session: Class initialized using 'CodeIgniter\Session\Handlers\FileHandler' driver.
INFO - 2023-07-19 01:47:03 --> Session: Class initialized using 'CodeIgniter\Session\Handlers\FileHandler' driver.
INFO - 2023-07-19 01:47:10 --> Session: Class initialized using 'CodeIgniter\Session\Handlers\FileHandler' driver.
INFO - 2023-07-19 01:47:19 --> Session: Class initialized using 'CodeIgniter\Session\Handlers\FileHandler' driver.
INFO - 2023-07-19 01:47:22 --> Session: Class initialized using 'CodeIgniter\Session\Handlers\FileHandler' driver.
INFO - 2023-07-19 01:47:26 --> Session: Class initialized using 'CodeIgniter\Session\Handlers\FileHandler' driver.
INFO - 2023-07-19 01:47:31 --> Session: Class initialized using 'CodeIgniter\Session\Handlers\FileHandler' driver.
INFO - 2023-07-19 01:48:23 --> Session: Class initialized using 'CodeIgniter\Session\Handlers\FileHandler' driver.
INFO - 2023-07-19 01:50:40 --> Session: Class initialized using 'CodeIgniter\Session\Handlers\FileHandler' driver.
INFO - 2023-07-19 02:04:12 --> Session: Class initialized using 'CodeIgniter\Session\Handlers\FileHandler' driver.
INFO - 2023-07-19 02:04:19 --> Session: Class initialized using 'CodeIgniter\Session\Handlers\FileHandler' driver.
INFO - 2023-07-19 02:04:24 --> Session: Class initialized using 'CodeIgniter\Session\Handlers\FileHandler' driver.
CRITICAL - 2023-07-19 02:04:24 --> Undefined variable $contact
in APPPATH\Views\datasiswa\index.php on line 80.
 1 APPPATH\Views\datasiswa\index.php(80): CodeIgniter\Debug\Exceptions->errorHandler(2, 'Undefined variable $contact', 'D:\\DATA C\\Dekstop\\CodeIgniter\\Regist2023\\siswa\\app\\Views\\datasiswa\\index.php', 80)
 2 SYSTEMPATH\View\View.php(224): include('D:\\DATA C\\Dekstop\\CodeIgniter\\Regist2023\\siswa\\app\\Views\\datasiswa\\index.php')
 3 SYSTEMPATH\View\View.php(227): CodeIgniter\View\View->CodeIgniter\View\{closure}()
 4 SYSTEMPATH\Common.php(1180): CodeIgniter\View\View->render('datasiswa/index', [], true)
 5 APPPATH\Controllers\Siswa.php(24): view('datasiswa/index', [...])
 6 SYSTEMPATH\CodeIgniter.php(932): App\Controllers\Siswa->index()
 7 SYSTEMPATH\CodeIgniter.php(497): CodeIgniter\CodeIgniter->runController(Object(App\Controllers\Siswa))
 8 SYSTEMPATH\CodeIgniter.php(366): CodeIgniter\CodeIgniter->handleRequest(null, Object(Config\Cache), false)
 9 FCPATH\index.php(67): CodeIgniter\CodeIgniter->run()
10 SYSTEMPATH\Commands\Server\rewrite.php(47): require_once('D:\\DATA C\\Dekstop\\CodeIgniter\\Regist2023\\siswa\\public\\index.php')
INFO - 2023-07-19 02:04:43 --> Session: Class initialized using 'CodeIgniter\Session\Handlers\FileHandler' driver.
INFO - 2023-07-19 02:04:47 --> Session: Class initialized using 'CodeIgniter\Session\Handlers\FileHandler' driver.
CRITICAL - 2023-07-19 02:04:48 --> Undefined variable $modelSiswa
in APPPATH\Views\datasiswa\index.php on line 80.
 1 APPPATH\Views\datasiswa\index.php(80): CodeIgniter\Debug\Exceptions->errorHandler(2, 'Undefined variable $modelSiswa', 'D:\\DATA C\\Dekstop\\CodeIgniter\\Regist2023\\siswa\\app\\Views\\datasiswa\\index.php', 80)
 2 SYSTEMPATH\View\View.php(224): include('D:\\DATA C\\Dekstop\\CodeIgniter\\Regist2023\\siswa\\app\\Views\\datasiswa\\index.php')
 3 SYSTEMPATH\View\View.php(227): CodeIgniter\View\View->CodeIgniter\View\{closure}()
 4 SYSTEMPATH\Common.php(1180): CodeIgniter\View\View->render('datasiswa/index', [], true)
 5 APPPATH\Controllers\Siswa.php(24): view('datasiswa/index', [...])
 6 SYSTEMPATH\CodeIgniter.php(932): App\Controllers\Siswa->index()
 7 SYSTEMPATH\CodeIgniter.php(497): CodeIgniter\CodeIgniter->runController(Object(App\Controllers\Siswa))
 8 SYSTEMPATH\CodeIgniter.php(366): CodeIgniter\CodeIgniter->handleRequest(null, Object(Config\Cache), false)
 9 FCPATH\index.php(67): CodeIgniter\CodeIgniter->run()
10 SYSTEMPATH\Commands\Server\rewrite.php(47): require_once('D:\\DATA C\\Dekstop\\CodeIgniter\\Regist2023\\siswa\\public\\index.php')
CRITICAL - 2023-07-19 02:06:15 --> Undefined variable $modelSiswa
in APPPATH\Views\datasiswa\index.php on line 88.
 1 APPPATH\Views\datasiswa\index.php(88): CodeIgniter\Debug\Exceptions->errorHandler(2, 'Undefined variable $modelSiswa', 'D:\\DATA C\\Dekstop\\CodeIgniter\\Regist2023\\siswa\\app\\Views\\datasiswa\\index.php', 88)
 2 SYSTEMPATH\View\View.php(224): include('D:\\DATA C\\Dekstop\\CodeIgniter\\Regist2023\\siswa\\app\\Views\\datasiswa\\index.php')
 3 SYSTEMPATH\View\View.php(227): CodeIgniter\View\View->CodeIgniter\View\{closure}()
 4 SYSTEMPATH\Common.php(1180): CodeIgniter\View\View->render('datasiswa/index', [], true)
 5 APPPATH\Controllers\Siswa.php(24): view('datasiswa/index', [...])
 6 SYSTEMPATH\CodeIgniter.php(932): App\Controllers\Siswa->index()
 7 SYSTEMPATH\CodeIgniter.php(497): CodeIgniter\CodeIgniter->runController(Object(App\Controllers\Siswa))
 8 SYSTEMPATH\CodeIgniter.php(366): CodeIgniter\CodeIgniter->handleRequest(null, Object(Config\Cache), false)
 9 FCPATH\index.php(67): CodeIgniter\CodeIgniter->run()
10 SYSTEMPATH\Commands\Server\rewrite.php(47): require_once('D:\\DATA C\\Dekstop\\CodeIgniter\\Regist2023\\siswa\\public\\index.php')
CRITICAL - 2023-07-19 02:06:44 --> Undefined variable $modelSiswa
in APPPATH\Views\datasiswa\index.php on line 97.
 1 APPPATH\Views\datasiswa\index.php(97): CodeIgniter\Debug\Exceptions->errorHandler(2, 'Undefined variable $modelSiswa', 'D:\\DATA C\\Dekstop\\CodeIgniter\\Regist2023\\siswa\\app\\Views\\datasiswa\\index.php', 97)
 2 SYSTEMPATH\View\View.php(224): include('D:\\DATA C\\Dekstop\\CodeIgniter\\Regist2023\\siswa\\app\\Views\\datasiswa\\index.php')
 3 SYSTEMPATH\View\View.php(227): CodeIgniter\View\View->CodeIgniter\View\{closure}()
 4 SYSTEMPATH\Common.php(1180): CodeIgniter\View\View->render('datasiswa/index', [], true)
 5 APPPATH\Controllers\Siswa.php(24): view('datasiswa/index', [...])
 6 SYSTEMPATH\CodeIgniter.php(932): App\Controllers\Siswa->index()
 7 SYSTEMPATH\CodeIgniter.php(497): CodeIgniter\CodeIgniter->runController(Object(App\Controllers\Siswa))
 8 SYSTEMPATH\CodeIgniter.php(366): CodeIgniter\CodeIgniter->handleRequest(null, Object(Config\Cache), false)
 9 FCPATH\index.php(67): CodeIgniter\CodeIgniter->run()
10 SYSTEMPATH\Commands\Server\rewrite.php(47): require_once('D:\\DATA C\\Dekstop\\CodeIgniter\\Regist2023\\siswa\\public\\index.php')
CRITICAL - 2023-07-19 02:07:06 --> Undefined variable $modelSiswa
in APPPATH\Views\datasiswa\index.php on line 97.
 1 APPPATH\Views\datasiswa\index.php(97): CodeIgniter\Debug\Exceptions->errorHandler(2, 'Undefined variable $modelSiswa', 'D:\\DATA C\\Dekstop\\CodeIgniter\\Regist2023\\siswa\\app\\Views\\datasiswa\\index.php', 97)
 2 SYSTEMPATH\View\View.php(224): include('D:\\DATA C\\Dekstop\\CodeIgniter\\Regist2023\\siswa\\app\\Views\\datasiswa\\index.php')
 3 SYSTEMPATH\View\View.php(227): CodeIgniter\View\View->CodeIgniter\View\{closure}()
 4 SYSTEMPATH\Common.php(1180): CodeIgniter\View\View->render('datasiswa/index', [], true)
 5 APPPATH\Controllers\Siswa.php(24): view('datasiswa/index', [...])
 6 SYSTEMPATH\CodeIgniter.php(932): App\Controllers\Siswa->index()
 7 SYSTEMPATH\CodeIgniter.php(497): CodeIgniter\CodeIgniter->runController(Object(App\Controllers\Siswa))
 8 SYSTEMPATH\CodeIgniter.php(366): CodeIgniter\CodeIgniter->handleRequest(null, Object(Config\Cache), false)
 9 FCPATH\index.php(67): CodeIgniter\CodeIgniter->run()
10 SYSTEMPATH\Commands\Server\rewrite.php(47): require_once('D:\\DATA C\\Dekstop\\CodeIgniter\\Regist2023\\siswa\\public\\index.php')
CRITICAL - 2023-07-19 02:08:27 --> Undefined array key "id"
in APPPATH\Views\datasiswa\index.php on line 97.
 1 APPPATH\Views\datasiswa\index.php(97): CodeIgniter\Debug\Exceptions->errorHandler(2, 'Undefined array key "id"', 'D:\\DATA C\\Dekstop\\CodeIgniter\\Regist2023\\siswa\\app\\Views\\datasiswa\\index.php', 97)
 2 SYSTEMPATH\View\View.php(224): include('D:\\DATA C\\Dekstop\\CodeIgniter\\Regist2023\\siswa\\app\\Views\\datasiswa\\index.php')
 3 SYSTEMPATH\View\View.php(227): CodeIgniter\View\View->CodeIgniter\View\{closure}()
 4 SYSTEMPATH\Common.php(1180): CodeIgniter\View\View->render('datasiswa/index', [], true)
 5 APPPATH\Controllers\Siswa.php(24): view('datasiswa/index', [...])
 6 SYSTEMPATH\CodeIgniter.php(932): App\Controllers\Siswa->index()
 7 SYSTEMPATH\CodeIgniter.php(497): CodeIgniter\CodeIgniter->runController(Object(App\Controllers\Siswa))
 8 SYSTEMPATH\CodeIgniter.php(366): CodeIgniter\CodeIgniter->handleRequest(null, Object(Config\Cache), false)
 9 FCPATH\index.php(67): CodeIgniter\CodeIgniter->run()
10 SYSTEMPATH\Commands\Server\rewrite.php(47): require_once('D:\\DATA C\\Dekstop\\CodeIgniter\\Regist2023\\siswa\\public\\index.php')
CRITICAL - 2023-07-19 02:09:59 --> Illegal offset type
in APPPATH\Views\datasiswa\index.php on line 97.
 1 SYSTEMPATH\View\View.php(224): include()
 2 SYSTEMPATH\View\View.php(227): CodeIgniter\View\View->CodeIgniter\View\{closure}()
 3 SYSTEMPATH\Common.php(1180): CodeIgniter\View\View->render('datasiswa/index', [], true)
 4 APPPATH\Controllers\Siswa.php(24): view('datasiswa/index', [...])
 5 SYSTEMPATH\CodeIgniter.php(932): App\Controllers\Siswa->index()
 6 SYSTEMPATH\CodeIgniter.php(497): CodeIgniter\CodeIgniter->runController(Object(App\Controllers\Siswa))
 7 SYSTEMPATH\CodeIgniter.php(366): CodeIgniter\CodeIgniter->handleRequest(null, Object(Config\Cache), false)
 8 FCPATH\index.php(67): CodeIgniter\CodeIgniter->run()
 9 SYSTEMPATH\Commands\Server\rewrite.php(47): require_once('D:\\DATA C\\Dekstop\\CodeIgniter\\Regist2023\\siswa\\public\\index.php')
CRITICAL - 2023-07-19 02:10:12 --> Undefined array key "$id"
in APPPATH\Views\datasiswa\index.php on line 97.
 1 APPPATH\Views\datasiswa\index.php(97): CodeIgniter\Debug\Exceptions->errorHandler(2, 'Undefined array key "$id"', 'D:\\DATA C\\Dekstop\\CodeIgniter\\Regist2023\\siswa\\app\\Views\\datasiswa\\index.php', 97)
 2 SYSTEMPATH\View\View.php(224): include('D:\\DATA C\\Dekstop\\CodeIgniter\\Regist2023\\siswa\\app\\Views\\datasiswa\\index.php')
 3 SYSTEMPATH\View\View.php(227): CodeIgniter\View\View->CodeIgniter\View\{closure}()
 4 SYSTEMPATH\Common.php(1180): CodeIgniter\View\View->render('datasiswa/index', [], true)
 5 APPPATH\Controllers\Siswa.php(24): view('datasiswa/index', [...])
 6 SYSTEMPATH\CodeIgniter.php(932): App\Controllers\Siswa->index()
 7 SYSTEMPATH\CodeIgniter.php(497): CodeIgniter\CodeIgniter->runController(Object(App\Controllers\Siswa))
 8 SYSTEMPATH\CodeIgniter.php(366): CodeIgniter\CodeIgniter->handleRequest(null, Object(Config\Cache), false)
 9 FCPATH\index.php(67): CodeIgniter\CodeIgniter->run()
10 SYSTEMPATH\Commands\Server\rewrite.php(47): require_once('D:\\DATA C\\Dekstop\\CodeIgniter\\Regist2023\\siswa\\public\\index.php')
CRITICAL - 2023-07-19 02:11:58 --> Undefined array key "id"
in APPPATH\Views\datasiswa\index.php on line 97.
 1 APPPATH\Views\datasiswa\index.php(97): CodeIgniter\Debug\Exceptions->errorHandler(2, 'Undefined array key "id"', 'D:\\DATA C\\Dekstop\\CodeIgniter\\Regist2023\\siswa\\app\\Views\\datasiswa\\index.php', 97)
 2 SYSTEMPATH\View\View.php(224): include('D:\\DATA C\\Dekstop\\CodeIgniter\\Regist2023\\siswa\\app\\Views\\datasiswa\\index.php')
 3 SYSTEMPATH\View\View.php(227): CodeIgniter\View\View->CodeIgniter\View\{closure}()
 4 SYSTEMPATH\Common.php(1180): CodeIgniter\View\View->render('datasiswa/index', [], true)
 5 APPPATH\Controllers\Siswa.php(24): view('datasiswa/index', [...])
 6 SYSTEMPATH\CodeIgniter.php(932): App\Controllers\Siswa->index()
 7 SYSTEMPATH\CodeIgniter.php(497): CodeIgniter\CodeIgniter->runController(Object(App\Controllers\Siswa))
 8 SYSTEMPATH\CodeIgniter.php(366): CodeIgniter\CodeIgniter->handleRequest(null, Object(Config\Cache), false)
 9 FCPATH\index.php(67): CodeIgniter\CodeIgniter->run()
10 SYSTEMPATH\Commands\Server\rewrite.php(47): require_once('D:\\DATA C\\Dekstop\\CodeIgniter\\Regist2023\\siswa\\public\\index.php')
INFO - 2023-07-19 02:12:51 --> Session: Class initialized using 'CodeIgniter\Session\Handlers\FileHandler' driver.
INFO - 2023-07-19 02:31:14 --> Session: Class initialized using 'CodeIgniter\Session\Handlers\FileHandler' driver.
INFO - 2023-07-19 02:41:10 --> Session: Class initialized using 'CodeIgniter\Session\Handlers\FileHandler' driver.
INFO - 2023-07-19 02:41:54 --> Session: Class initialized using 'CodeIgniter\Session\Handlers\FileHandler' driver.
INFO - 2023-07-19 02:45:59 --> Session: Class initialized using 'CodeIgniter\Session\Handlers\FileHandler' driver.
INFO - 2023-07-19 02:46:00 --> Session: Class initialized using 'CodeIgniter\Session\Handlers\FileHandler' driver.
INFO - 2023-07-19 03:17:15 --> Session: Class initialized using 'CodeIgniter\Session\Handlers\FileHandler' driver.
INFO - 2023-07-19 03:18:00 --> Session: Class initialized using 'CodeIgniter\Session\Handlers\FileHandler' driver.
INFO - 2023-07-19 03:18:57 --> Session: Class initialized using 'CodeIgniter\Session\Handlers\FileHandler' driver.
INFO - 2023-07-19 03:19:44 --> Session: Class initialized using 'CodeIgniter\Session\Handlers\FileHandler' driver.
INFO - 2023-07-19 03:21:19 --> Session: Class initialized using 'CodeIgniter\Session\Handlers\FileHandler' driver.
INFO - 2023-07-19 03:21:32 --> Session: Class initialized using 'CodeIgniter\Session\Handlers\FileHandler' driver.
